<?xml version="1.0" encoding="UTF-8"?>
<testsuite name="CaptchaTest" tests="5" skipped="0" failures="0" errors="0" timestamp="2019-09-25T08:25:17" hostname="MacPooh.local" time="0.002">
  <properties/>
  <testcase name="captcha_whenPatternIs2_leftOperandIs3_leftOperandShouldReturnThree" classname="CaptchaTest" time="0.001"/>
  <testcase name="captcha_whenPatternIs2_leftOperandIs2_leftOperandShouldReturnTwo" classname="CaptchaTest" time="0.0"/>
  <testcase name="captcha_whenPatternIs1_leftOperandIs1_leftOperandShouldReturn1" classname="CaptchaTest" time="0.0"/>
  <testcase name="captcha_whenPatternIs1_leftOperandIs2_leftOperandShouldReturn2" classname="CaptchaTest" time="0.0"/>
  <testcase name="captcha_whenPatternIs2_leftOperandIs1_leftOperandShouldReturnOne" classname="CaptchaTest" time="0.0"/>
  <system-out><![CDATA[]]></system-out>
  <system-err><![CDATA[]]></system-err>
</testsuite>
